<?xml version="1.0" encoding="UTF-8"?>
<!-- Generated by org.testng.reporters.JUnitReportReporter -->
<testsuite skipped="1" hostname="Admin1" name="RDemoWebShop.TestNG" tests="2" failures="0" timestamp="4 Aug 2021 17:05:26 GMT" time="0.000" errors="1">
  <testcase name="m1" time="0.000" classname="RDemoWebShop.TestNG">
    <skipped/>
  </testcase> <!-- m1 -->
  <testcase name="browser" time="0.000" classname="RDemoWebShop.TestNG">
    <error type="java.io.FileNotFoundException" message="C:\Users\shree\Desktop\Eclips\eclipse-jee-neon-3-win32-x86_64\eclipse\corejava\Selenium_Project\src\RDemoWebShop\DemoWebShop.properties (The system cannot find the path specified)">
      <![CDATA[java.io.FileNotFoundException: C:\Users\shree\Desktop\Eclips\eclipse-jee-neon-3-win32-x86_64\eclipse\corejava\Selenium_Project\src\RDemoWebShop\DemoWebShop.properties (The system cannot find the path specified)
	at java.io.FileInputStream.open0(Native Method)
	at java.io.FileInputStream.open(Unknown Source)
	at java.io.FileInputStream.<init>(Unknown Source)
	at java.io.FileInputStream.<init>(Unknown Source)
	at RDemoWebShop.TestNG.browser(TestNG.java:39)
	at sun.reflect.NativeMethodAccessorImpl.invoke0(Native Method)
	at sun.reflect.NativeMethodAccessorImpl.invoke(Unknown Source)
	at sun.reflect.DelegatingMethodAccessorImpl.invoke(Unknown Source)
	at java.lang.reflect.Method.invoke(Unknown Source)
	at org.testng.internal.MethodInvocationHelper.invokeMethod(MethodInvocationHelper.java:100)
	at org.testng.internal.Invoker.invokeConfigurationMethod(Invoker.java:515)
	at org.testng.internal.Invoker.invokeConfigurations(Invoker.java:216)
	at org.testng.internal.Invoker.invokeConfigurations(Invoker.java:143)
	at org.testng.SuiteRunner.privateRun(SuiteRunner.java:307)
	at org.testng.SuiteRunner.run(SuiteRunner.java:270)
	at org.testng.SuiteRunnerWorker.runSuite(SuiteRunnerWorker.java:52)
	at org.testng.SuiteRunnerWorker.run(SuiteRunnerWorker.java:86)
	at org.testng.TestNG.runSuitesSequentially(TestNG.java:1284)
	at org.testng.TestNG.runSuitesLocally(TestNG.java:1209)
	at org.testng.TestNG.runSuites(TestNG.java:1124)
	at org.testng.TestNG.run(TestNG.java:1096)
	at org.testng.remote.AbstractRemoteTestNG.run(AbstractRemoteTestNG.java:132)
	at org.testng.remote.RemoteTestNG.initAndRun(RemoteTestNG.java:236)
	at org.testng.remote.RemoteTestNG.main(RemoteTestNG.java:81)
]]>
    </error>
  </testcase> <!-- browser -->
</testsuite> <!-- RDemoWebShop.TestNG -->
